app/build/intermediates/manifest_merge_blame_file/debug/manifest-merger-blame-debug-report.txt
1<?xml version="1.0" encoding="utf-8"?>
2<manifest xmlns:android="http://schemas.android.com/apk/res/android"
3    package="com.example.quiz_expert"
4    android:versionCode="1"
5    android:versionName="1.0" >
6
7    <uses-sdk
8        android:minSdkVersion="24"
8-->src\main\AndroidManifest.xml
9        android:targetSdkVersion="30" />
9-->src\main\AndroidManifest.xml
10
11    <uses-permission android:name="android.permission.INTERNET" />
11-->src\main\AndroidManifest.xml:4:1-62
11-->src\main\AndroidManifest.xml:4:18-60
12
13    <application
13-->src\main\AndroidManifest.xml:5:5-28:19
14        android:allowBackup="true"
14-->src\main\AndroidManifest.xml:6:9-35
15        android:appComponentFactory="androidx.core.app.CoreComponentFactory"
15-->[androidx.core:core:1.3.2] AndroidManifest.xml:24:18-86
16        android:debuggable="true"
17        android:extractNativeLibs="false"
18        android:icon="@mipmap/ic_launcher"
18-->src\main\AndroidManifest.xml:7:9-43
19        android:label="@string/app_name"
19-->src\main\AndroidManifest.xml:8:9-41
20        android:roundIcon="@mipmap/ic_launcher_round"
20-->src\main\AndroidManifest.xml:9:9-54
21        android:supportsRtl="true"
21-->src\main\AndroidManifest.xml:10:9-35
22        android:testOnly="true"
23        android:theme="@style/Theme.QuizExpert" >
23-->src\main\AndroidManifest.xml:11:9-48
24        <activity android:name="com.example.quiz_expert.HomeActivity" />
24-->src\main\AndroidManifest.xml:12:9-59
24-->src\main\AndroidManifest.xml:12:19-47
25        <activity
25-->src\main\AndroidManifest.xml:13:9-16:64
26            android:name="com.example.quiz_expert.SignUpActivity"
26-->src\main\AndroidManifest.xml:14:13-43
27            android:screenOrientation="portrait"
27-->src\main\AndroidManifest.xml:15:13-49
28            android:theme="@style/NoActionBarTheme" />
28-->src\main\AndroidManifest.xml:16:13-52
29        <activity
29-->src\main\AndroidManifest.xml:17:9-26:20
30            android:name="com.example.quiz_expert.MainActivity"
30-->src\main\AndroidManifest.xml:18:13-41
31            android:screenOrientation="portrait"
31-->src\main\AndroidManifest.xml:19:13-49
32            android:theme="@style/NoActionBarTheme"
32-->src\main\AndroidManifest.xml:20:13-52
33            android:windowSoftInputMode="adjustResize" >
33-->src\main\AndroidManifest.xml:21:13-55
34            <intent-filter>
34-->src\main\AndroidManifest.xml:22:13-25:29
35                <action android:name="android.intent.action.MAIN" />
35-->src\main\AndroidManifest.xml:23:17-69
35-->src\main\AndroidManifest.xml:23:25-66
36
37                <category android:name="android.intent.category.LAUNCHER" />
37-->src\main\AndroidManifest.xml:24:17-77
37-->src\main\AndroidManifest.xml:24:27-74
38            </intent-filter>
39        </activity>
40    </application>
41
42</manifest>